{"uid":"3cdc9047df5aee62","name":"Cоздание билд конфигурации и шага в билде Супер Администратором","fullName":"tests.frontend.test_e2e_build_conf#test_e2e_create_build_conf","historyId":"7fa8216bb13d6ad4e6d80bede0329b63","time":{"start":1711348504346,"stop":1711348567294,"duration":62948},"description":"Авторизация Супер Администратором, создание проекта, билд конфигурации и шага в командной строке","descriptionHtml":"<p>Авторизация Супер Администратором, создание проекта, билд конфигурации и шага в командной строке</p>\n","status":"broken","statusMessage":"exceptiongroup.ExceptionGroup: errors while tearing down <Function test_e2e_create_build_conf[chromium]> (2 sub-exceptions)","statusTrace":"+ Exception Group Traceback (most recent call last):\n  |   File \"/home/runner/.local/lib/python3.10/site-packages/_pytest/runner.py\", line 345, in from_call\n  |     result: Optional[TResult] = func()\n  |   File \"/home/runner/.local/lib/python3.10/site-packages/_pytest/runner.py\", line 266, in <lambda>\n  |     lambda: ihook(item=item, **kwds), when=when, reraise=reraise\n  |   File \"/home/runner/.local/lib/python3.10/site-packages/pluggy/_hooks.py\", line 501, in __call__\n  |     return self._hookexec(self.name, self._hookimpls.copy(), kwargs, firstresult)\n  |   File \"/home/runner/.local/lib/python3.10/site-packages/pluggy/_manager.py\", line 119, in _hookexec\n  |     return self._inner_hookexec(hook_name, methods, kwargs, firstresult)\n  |   File \"/home/runner/.local/lib/python3.10/site-packages/pluggy/_callers.py\", line 181, in _multicall\n  |     return outcome.get_result()\n  |   File \"/home/runner/.local/lib/python3.10/site-packages/pluggy/_result.py\", line 99, in get_result\n  |     raise exc.with_traceback(exc.__traceback__)\n  |   File \"/home/runner/.local/lib/python3.10/site-packages/pluggy/_callers.py\", line 166, in _multicall\n  |     teardown.throw(outcome._exception)\n  |   File \"/home/runner/.local/lib/python3.10/site-packages/_pytest/threadexception.py\", line 92, in pytest_runtest_teardown\n  |     yield from thread_exception_runtest_hook()\n  |   File \"/home/runner/.local/lib/python3.10/site-packages/_pytest/threadexception.py\", line 63, in thread_exception_runtest_hook\n  |     yield\n  |   File \"/home/runner/.local/lib/python3.10/site-packages/pluggy/_callers.py\", line 166, in _multicall\n  |     teardown.throw(outcome._exception)\n  |   File \"/home/runner/.local/lib/python3.10/site-packages/_pytest/unraisableexception.py\", line 95, in pytest_runtest_teardown\n  |     yield from unraisable_exception_runtest_hook()\n  |   File \"/home/runner/.local/lib/python3.10/site-packages/_pytest/unraisableexception.py\", line 65, in unraisable_exception_runtest_hook\n  |     yield\n  |   File \"/home/runner/.local/lib/python3.10/site-packages/pluggy/_callers.py\", line 166, in _multicall\n  |     teardown.throw(outcome._exception)\n  |   File \"/home/runner/.local/lib/python3.10/site-packages/_pytest/logging.py\", line 846, in pytest_runtest_teardown\n  |     yield from self._runtest_for(item, \"teardown\")\n  |   File \"/home/runner/.local/lib/python3.10/site-packages/_pytest/logging.py\", line 822, in _runtest_for\n  |     yield\n  |   File \"/home/runner/.local/lib/python3.10/site-packages/pluggy/_callers.py\", line 166, in _multicall\n  |     teardown.throw(outcome._exception)\n  |   File \"/home/runner/.local/lib/python3.10/site-packages/_pytest/capture.py\", line 887, in pytest_runtest_teardown\n  |     return (yield)\n  |   File \"/home/runner/.local/lib/python3.10/site-packages/pluggy/_callers.py\", line 102, in _multicall\n  |     res = hook_impl.function(*args)\n  |   File \"/home/runner/.local/lib/python3.10/site-packages/_pytest/runner.py\", line 186, in pytest_runtest_teardown\n  |     item.session._setupstate.teardown_exact(nextitem)\n  |   File \"/home/runner/.local/lib/python3.10/site-packages/_pytest/runner.py\", line 557, in teardown_exact\n  |     raise exceptions[0]\n  | exceptiongroup.ExceptionGroup: errors while tearing down <Function test_e2e_create_build_conf[chromium]> (2 sub-exceptions)\n  +-+---------------- 1 ----------------\n    | Traceback (most recent call last):\n    |   File \"/home/runner/work/TeamCity_Test/TeamCity_Test/api/project_api.py\", line 25, in clean_up_project\n    |     self.delete_project(created_project_id)\n    |   File \"/home/runner/work/TeamCity_Test/TeamCity_Test/api/project_api.py\", line 20, in delete_project\n    |     return self.send_request(\"DELETE\", f\"/app/rest/projects/id:{project_id}\",\n    |   File \"/home/runner/work/TeamCity_Test/TeamCity_Test/custom_requester/custom_requester.py\", line 34, in send_request\n    |     raise ValueError(f\"Unexpected status code: {response.status_code}, expected: {expected_status}\")\n    | ValueError: Unexpected status code: 403, expected: 204\n    | \n    | During handling of the above exception, another exception occurred:\n    | \n    | Traceback (most recent call last):\n    |   File \"/home/runner/.local/lib/python3.10/site-packages/_pytest/runner.py\", line 546, in teardown_exact\n    |     fin()\n    |   File \"/home/runner/.local/lib/python3.10/site-packages/_pytest/fixtures.py\", line 1057, in finish\n    |     raise exc\n    |   File \"/home/runner/.local/lib/python3.10/site-packages/_pytest/fixtures.py\", line 1050, in finish\n    |     func()\n    |   File \"/home/runner/.local/lib/python3.10/site-packages/allure_commons/_allure.py\", line 221, in __call__\n    |     return self._fixture_function(*args, **kwargs)\n    |   File \"/home/runner/.local/lib/python3.10/site-packages/_pytest/fixtures.py\", line 932, in _teardown_yield_fixture\n    |     next(it)\n    |   File \"/home/runner/work/TeamCity_Test/TeamCity_Test/conftest.py\", line 89, in project_data\n    |     super_admin.api_manager.project_api.clean_up_project(project_id)\n    |   File \"/home/runner/work/TeamCity_Test/TeamCity_Test/api/project_api.py\", line 30, in clean_up_project\n    |     raise ValueError(f\"Проект с id {created_project_id} не был создан\")\n    | ValueError: Проект с id fTcqMElyMkM не был создан\n    +---------------- 2 ----------------\n    | Traceback (most recent call last):\n    |   File \"/home/runner/work/TeamCity_Test/TeamCity_Test/api/build_conf_api.py\", line 25, in clean_up_build_conf\n    |     self.delete_build_conf(create_build_id)\n    |   File \"/home/runner/work/TeamCity_Test/TeamCity_Test/api/build_conf_api.py\", line 20, in delete_build_conf\n    |     return self.send_request(\"DELETE\", f\"/app/rest/buildTypes/id:{create_build_id}\",\n    |   File \"/home/runner/work/TeamCity_Test/TeamCity_Test/custom_requester/custom_requester.py\", line 34, in send_request\n    |     raise ValueError(f\"Unexpected status code: {response.status_code}, expected: {expected_status}\")\n    | ValueError: Unexpected status code: 403, expected: 204\n    | \n    | During handling of the above exception, another exception occurred:\n    | \n    | Traceback (most recent call last):\n    |   File \"/home/runner/.local/lib/python3.10/site-packages/_pytest/runner.py\", line 546, in teardown_exact\n    |     fin()\n    |   File \"/home/runner/.local/lib/python3.10/site-packages/_pytest/fixtures.py\", line 1057, in finish\n    |     raise exc\n    |   File \"/home/runner/.local/lib/python3.10/site-packages/_pytest/fixtures.py\", line 1050, in finish\n    |     func()\n    |   File \"/home/runner/.local/lib/python3.10/site-packages/allure_commons/_allure.py\", line 221, in __call__\n    |     return self._fixture_function(*args, **kwargs)\n    |   File \"/home/runner/.local/lib/python3.10/site-packages/_pytest/fixtures.py\", line 932, in _teardown_yield_fixture\n    |     next(it)\n    |   File \"/home/runner/work/TeamCity_Test/TeamCity_Test/conftest.py\", line 104, in build_conf_data\n    |     super_admin.api_manager.build_conf_api.clean_up_build_conf(build_conf_id)\n    |   File \"/home/runner/work/TeamCity_Test/TeamCity_Test/api/build_conf_api.py\", line 31, in clean_up_build_conf\n    |     raise ValueError(f\"Билд конфигурации с id {create_build_id} не был создан\")\n    | ValueError: Билд конфигурации с id gbV9awrSJev не был создан\n    +------------------------------------","flaky":false,"newFailed":false,"newBroken":false,"newPassed":false,"retriesCount":0,"retriesStatusChange":false,"beforeStages":[{"name":"_session_faker","time":{"start":1711348434059,"stop":1711348434096,"duration":37},"status":"passed","steps":[],"attachments":[],"parameters":[],"stepsCount":0,"attachmentsCount":0,"hasContent":false,"attachmentStep":false,"shouldDisplayMessage":false},{"name":"browser","time":{"start":1711348480129,"stop":1711348482097,"duration":1968},"status":"passed","steps":[],"attachments":[],"parameters":[],"stepsCount":0,"attachmentsCount":0,"hasContent":false,"attachmentStep":false,"shouldDisplayMessage":false},{"name":"user_session","time":{"start":1711348504284,"stop":1711348504284,"duration":0},"status":"passed","steps":[],"attachments":[],"parameters":[],"stepsCount":0,"attachmentsCount":0,"hasContent":false,"attachmentStep":false,"shouldDisplayMessage":false},{"name":"super_admin","time":{"start":1711348504285,"stop":1711348504335,"duration":50},"status":"passed","steps":[],"attachments":[],"parameters":[],"stepsCount":0,"attachmentsCount":0,"hasContent":false,"attachmentStep":false,"shouldDisplayMessage":false},{"name":"project_data","time":{"start":1711348504336,"stop":1711348504336,"duration":0},"status":"passed","steps":[],"attachments":[],"parameters":[],"stepsCount":0,"attachmentsCount":0,"hasContent":false,"attachmentStep":false,"shouldDisplayMessage":false},{"name":"build_conf_data","time":{"start":1711348504336,"stop":1711348504336,"duration":0},"status":"passed","steps":[],"attachments":[],"parameters":[],"stepsCount":0,"attachmentsCount":0,"hasContent":false,"attachmentStep":false,"shouldDisplayMessage":false},{"name":"random_description","time":{"start":1711348504345,"stop":1711348504345,"duration":0},"status":"passed","steps":[],"attachments":[],"parameters":[],"stepsCount":0,"attachmentsCount":0,"hasContent":false,"attachmentStep":false,"shouldDisplayMessage":false}],"testStage":{"description":"Авторизация Супер Администратором, создание проекта, билд конфигурации и шага в командной строке","status":"broken","statusMessage":"exceptiongroup.ExceptionGroup: errors while tearing down <Function test_e2e_create_build_conf[chromium]> (2 sub-exceptions)","statusTrace":"+ Exception Group Traceback (most recent call last):\n  |   File \"/home/runner/.local/lib/python3.10/site-packages/_pytest/runner.py\", line 345, in from_call\n  |     result: Optional[TResult] = func()\n  |   File \"/home/runner/.local/lib/python3.10/site-packages/_pytest/runner.py\", line 266, in <lambda>\n  |     lambda: ihook(item=item, **kwds), when=when, reraise=reraise\n  |   File \"/home/runner/.local/lib/python3.10/site-packages/pluggy/_hooks.py\", line 501, in __call__\n  |     return self._hookexec(self.name, self._hookimpls.copy(), kwargs, firstresult)\n  |   File \"/home/runner/.local/lib/python3.10/site-packages/pluggy/_manager.py\", line 119, in _hookexec\n  |     return self._inner_hookexec(hook_name, methods, kwargs, firstresult)\n  |   File \"/home/runner/.local/lib/python3.10/site-packages/pluggy/_callers.py\", line 181, in _multicall\n  |     return outcome.get_result()\n  |   File \"/home/runner/.local/lib/python3.10/site-packages/pluggy/_result.py\", line 99, in get_result\n  |     raise exc.with_traceback(exc.__traceback__)\n  |   File \"/home/runner/.local/lib/python3.10/site-packages/pluggy/_callers.py\", line 166, in _multicall\n  |     teardown.throw(outcome._exception)\n  |   File \"/home/runner/.local/lib/python3.10/site-packages/_pytest/threadexception.py\", line 92, in pytest_runtest_teardown\n  |     yield from thread_exception_runtest_hook()\n  |   File \"/home/runner/.local/lib/python3.10/site-packages/_pytest/threadexception.py\", line 63, in thread_exception_runtest_hook\n  |     yield\n  |   File \"/home/runner/.local/lib/python3.10/site-packages/pluggy/_callers.py\", line 166, in _multicall\n  |     teardown.throw(outcome._exception)\n  |   File \"/home/runner/.local/lib/python3.10/site-packages/_pytest/unraisableexception.py\", line 95, in pytest_runtest_teardown\n  |     yield from unraisable_exception_runtest_hook()\n  |   File \"/home/runner/.local/lib/python3.10/site-packages/_pytest/unraisableexception.py\", line 65, in unraisable_exception_runtest_hook\n  |     yield\n  |   File \"/home/runner/.local/lib/python3.10/site-packages/pluggy/_callers.py\", line 166, in _multicall\n  |     teardown.throw(outcome._exception)\n  |   File \"/home/runner/.local/lib/python3.10/site-packages/_pytest/logging.py\", line 846, in pytest_runtest_teardown\n  |     yield from self._runtest_for(item, \"teardown\")\n  |   File \"/home/runner/.local/lib/python3.10/site-packages/_pytest/logging.py\", line 822, in _runtest_for\n  |     yield\n  |   File \"/home/runner/.local/lib/python3.10/site-packages/pluggy/_callers.py\", line 166, in _multicall\n  |     teardown.throw(outcome._exception)\n  |   File \"/home/runner/.local/lib/python3.10/site-packages/_pytest/capture.py\", line 887, in pytest_runtest_teardown\n  |     return (yield)\n  |   File \"/home/runner/.local/lib/python3.10/site-packages/pluggy/_callers.py\", line 102, in _multicall\n  |     res = hook_impl.function(*args)\n  |   File \"/home/runner/.local/lib/python3.10/site-packages/_pytest/runner.py\", line 186, in pytest_runtest_teardown\n  |     item.session._setupstate.teardown_exact(nextitem)\n  |   File \"/home/runner/.local/lib/python3.10/site-packages/_pytest/runner.py\", line 557, in teardown_exact\n  |     raise exceptions[0]\n  | exceptiongroup.ExceptionGroup: errors while tearing down <Function test_e2e_create_build_conf[chromium]> (2 sub-exceptions)\n  +-+---------------- 1 ----------------\n    | Traceback (most recent call last):\n    |   File \"/home/runner/work/TeamCity_Test/TeamCity_Test/api/project_api.py\", line 25, in clean_up_project\n    |     self.delete_project(created_project_id)\n    |   File \"/home/runner/work/TeamCity_Test/TeamCity_Test/api/project_api.py\", line 20, in delete_project\n    |     return self.send_request(\"DELETE\", f\"/app/rest/projects/id:{project_id}\",\n    |   File \"/home/runner/work/TeamCity_Test/TeamCity_Test/custom_requester/custom_requester.py\", line 34, in send_request\n    |     raise ValueError(f\"Unexpected status code: {response.status_code}, expected: {expected_status}\")\n    | ValueError: Unexpected status code: 403, expected: 204\n    | \n    | During handling of the above exception, another exception occurred:\n    | \n    | Traceback (most recent call last):\n    |   File \"/home/runner/.local/lib/python3.10/site-packages/_pytest/runner.py\", line 546, in teardown_exact\n    |     fin()\n    |   File \"/home/runner/.local/lib/python3.10/site-packages/_pytest/fixtures.py\", line 1057, in finish\n    |     raise exc\n    |   File \"/home/runner/.local/lib/python3.10/site-packages/_pytest/fixtures.py\", line 1050, in finish\n    |     func()\n    |   File \"/home/runner/.local/lib/python3.10/site-packages/allure_commons/_allure.py\", line 221, in __call__\n    |     return self._fixture_function(*args, **kwargs)\n    |   File \"/home/runner/.local/lib/python3.10/site-packages/_pytest/fixtures.py\", line 932, in _teardown_yield_fixture\n    |     next(it)\n    |   File \"/home/runner/work/TeamCity_Test/TeamCity_Test/conftest.py\", line 89, in project_data\n    |     super_admin.api_manager.project_api.clean_up_project(project_id)\n    |   File \"/home/runner/work/TeamCity_Test/TeamCity_Test/api/project_api.py\", line 30, in clean_up_project\n    |     raise ValueError(f\"Проект с id {created_project_id} не был создан\")\n    | ValueError: Проект с id fTcqMElyMkM не был создан\n    +---------------- 2 ----------------\n    | Traceback (most recent call last):\n    |   File \"/home/runner/work/TeamCity_Test/TeamCity_Test/api/build_conf_api.py\", line 25, in clean_up_build_conf\n    |     self.delete_build_conf(create_build_id)\n    |   File \"/home/runner/work/TeamCity_Test/TeamCity_Test/api/build_conf_api.py\", line 20, in delete_build_conf\n    |     return self.send_request(\"DELETE\", f\"/app/rest/buildTypes/id:{create_build_id}\",\n    |   File \"/home/runner/work/TeamCity_Test/TeamCity_Test/custom_requester/custom_requester.py\", line 34, in send_request\n    |     raise ValueError(f\"Unexpected status code: {response.status_code}, expected: {expected_status}\")\n    | ValueError: Unexpected status code: 403, expected: 204\n    | \n    | During handling of the above exception, another exception occurred:\n    | \n    | Traceback (most recent call last):\n    |   File \"/home/runner/.local/lib/python3.10/site-packages/_pytest/runner.py\", line 546, in teardown_exact\n    |     fin()\n    |   File \"/home/runner/.local/lib/python3.10/site-packages/_pytest/fixtures.py\", line 1057, in finish\n    |     raise exc\n    |   File \"/home/runner/.local/lib/python3.10/site-packages/_pytest/fixtures.py\", line 1050, in finish\n    |     func()\n    |   File \"/home/runner/.local/lib/python3.10/site-packages/allure_commons/_allure.py\", line 221, in __call__\n    |     return self._fixture_function(*args, **kwargs)\n    |   File \"/home/runner/.local/lib/python3.10/site-packages/_pytest/fixtures.py\", line 932, in _teardown_yield_fixture\n    |     next(it)\n    |   File \"/home/runner/work/TeamCity_Test/TeamCity_Test/conftest.py\", line 104, in build_conf_data\n    |     super_admin.api_manager.build_conf_api.clean_up_build_conf(build_conf_id)\n    |   File \"/home/runner/work/TeamCity_Test/TeamCity_Test/api/build_conf_api.py\", line 31, in clean_up_build_conf\n    |     raise ValueError(f\"Билд конфигурации с id {create_build_id} не был создан\")\n    | ValueError: Билд конфигурации с id gbV9awrSJev не был создан\n    +------------------------------------","steps":[{"name":"Подготовка данных для создания проекта и билд конфигурации","time":{"start":1711348504346,"stop":1711348504347,"duration":1},"status":"passed","steps":[],"attachments":[],"parameters":[],"stepsCount":0,"attachmentsCount":0,"hasContent":false,"attachmentStep":false,"shouldDisplayMessage":false},{"name":"Отправка запроса на создание проекта","time":{"start":1711348504347,"stop":1711348504391,"duration":44},"status":"passed","steps":[],"attachments":[],"parameters":[],"stepsCount":0,"attachmentsCount":0,"hasContent":false,"attachmentStep":false,"shouldDisplayMessage":false},{"name":"Авторизация под Супер Администратором","time":{"start":1711348504391,"stop":1711348520053,"duration":15662},"status":"passed","steps":[{"name":"Переход на страницу авторизации","time":{"start":1711348504391,"stop":1711348507864,"duration":3473},"status":"passed","steps":[{"name":"Переход на URL: http://localhost:8111/login.html?super=1","time":{"start":1711348504391,"stop":1711348507829,"duration":3438},"status":"passed","steps":[],"attachments":[],"parameters":[],"stepsCount":0,"attachmentsCount":0,"hasContent":false,"attachmentStep":false,"shouldDisplayMessage":false},{"name":"Ожидание загрузки страницы","time":{"start":1711348507829,"stop":1711348507864,"duration":35},"status":"passed","steps":[],"attachments":[],"parameters":[],"stepsCount":0,"attachmentsCount":0,"hasContent":false,"attachmentStep":false,"shouldDisplayMessage":false}],"attachments":[],"parameters":[],"stepsCount":2,"attachmentsCount":0,"hasContent":true,"attachmentStep":false,"shouldDisplayMessage":false},{"name":"Ввод токена для авторизации под Супер Администратором","time":{"start":1711348507864,"stop":1711348509017,"duration":1153},"status":"passed","steps":[{"name":"Ожидаем появления элемента: #password","time":{"start":1711348507864,"stop":1711348508930,"duration":1066},"status":"passed","steps":[],"attachments":[],"parameters":[],"stepsCount":0,"attachmentsCount":0,"hasContent":false,"attachmentStep":false,"shouldDisplayMessage":false},{"name":"Ввод текста 9124641376054180041 в элемент: #password","time":{"start":1711348508930,"stop":1711348509017,"duration":87},"status":"passed","steps":[],"attachments":[],"parameters":[],"stepsCount":0,"attachmentsCount":0,"hasContent":false,"attachmentStep":false,"shouldDisplayMessage":false}],"attachments":[],"parameters":[],"stepsCount":2,"attachmentsCount":0,"hasContent":true,"attachmentStep":false,"shouldDisplayMessage":false},{"name":"Авторизация пользователя","time":{"start":1711348509017,"stop":1711348509302,"duration":285},"status":"passed","steps":[{"name":"Клик по элементу: .loginButton","time":{"start":1711348509017,"stop":1711348509302,"duration":285},"status":"passed","steps":[],"attachments":[],"parameters":[],"stepsCount":0,"attachmentsCount":0,"hasContent":false,"attachmentStep":false,"shouldDisplayMessage":false}],"attachments":[],"parameters":[],"stepsCount":1,"attachmentsCount":0,"hasContent":true,"attachmentStep":false,"shouldDisplayMessage":false},{"name":"Ожидание изменения URL на http://localhost:8111/favorite/projects?mode=builds","time":{"start":1711348509302,"stop":1711348520053,"duration":10751},"status":"passed","steps":[],"attachments":[],"parameters":[],"stepsCount":0,"attachmentsCount":0,"hasContent":false,"attachmentStep":false,"shouldDisplayMessage":false}],"attachments":[],"parameters":[],"stepsCount":9,"attachmentsCount":0,"hasContent":true,"attachmentStep":false,"shouldDisplayMessage":false},{"name":"Создание билд конфигурации","time":{"start":1711348520053,"stop":1711348546912,"duration":26859},"status":"passed","steps":[{"name":"Переход на страницу создания билд конфигурации","time":{"start":1711348520053,"stop":1711348526820,"duration":6767},"status":"passed","steps":[{"name":"Переход на URL: http://localhost:8111/admin/createObjectMenu.html?projectId=fTcqMElyMkM&showMode=createBuildTypeMenu&cameFromUrl=%2Fadmin%2FeditProject.html%3FprojectId%3DfTcqMElyMkM","time":{"start":1711348520053,"stop":1711348526801,"duration":6748},"status":"passed","steps":[],"attachments":[],"parameters":[],"stepsCount":0,"attachmentsCount":0,"hasContent":false,"attachmentStep":false,"shouldDisplayMessage":false},{"name":"Ожидание загрузки страницы","time":{"start":1711348526801,"stop":1711348526820,"duration":19},"status":"passed","steps":[],"attachments":[],"parameters":[],"stepsCount":0,"attachmentsCount":0,"hasContent":false,"attachmentStep":false,"shouldDisplayMessage":false}],"attachments":[],"parameters":[],"stepsCount":2,"attachmentsCount":0,"hasContent":true,"attachmentStep":false,"shouldDisplayMessage":false},{"name":"Выбор создания вручную","time":{"start":1711348526820,"stop":1711348527832,"duration":1012},"status":"passed","steps":[{"name":"Клик по элементу: a.createOption:has-text(' Manually')","time":{"start":1711348526820,"stop":1711348527832,"duration":1012},"status":"passed","steps":[],"attachments":[],"parameters":[],"stepsCount":0,"attachmentsCount":0,"hasContent":false,"attachmentStep":false,"shouldDisplayMessage":false}],"attachments":[],"parameters":[],"stepsCount":1,"attachmentsCount":0,"hasContent":true,"attachmentStep":false,"shouldDisplayMessage":false},{"name":"Ввод данных для создания билд конфигурации","time":{"start":1711348527832,"stop":1711348528387,"duration":555},"status":"passed","steps":[{"name":"Ожидаем появления элемента: input#buildTypeName","time":{"start":1711348527832,"stop":1711348527991,"duration":159},"status":"passed","steps":[],"attachments":[],"parameters":[],"stepsCount":0,"attachmentsCount":0,"hasContent":false,"attachmentStep":false,"shouldDisplayMessage":false},{"name":"Ввод текста either в элемент: input#buildTypeName","time":{"start":1711348527991,"stop":1711348528133,"duration":142},"status":"passed","steps":[],"attachments":[],"parameters":[],"stepsCount":0,"attachmentsCount":0,"hasContent":false,"attachmentStep":false,"shouldDisplayMessage":false},{"name":"Ввод текста gbV9awrSJev в элемент: input#buildTypeExternalId","time":{"start":1711348528133,"stop":1711348528212,"duration":79},"status":"passed","steps":[],"attachments":[],"parameters":[],"stepsCount":0,"attachmentsCount":0,"hasContent":false,"attachmentStep":false,"shouldDisplayMessage":false},{"name":"Ввод текста Special record arm general teacher. в элемент: input#description","time":{"start":1711348528212,"stop":1711348528387,"duration":175},"status":"passed","steps":[],"attachments":[],"parameters":[],"stepsCount":0,"attachmentsCount":0,"hasContent":false,"attachmentStep":false,"shouldDisplayMessage":false}],"attachments":[],"parameters":[],"stepsCount":4,"attachmentsCount":0,"hasContent":true,"attachmentStep":false,"shouldDisplayMessage":false},{"name":"Нажатие кнопки создания билд конфигурации","time":{"start":1711348528387,"stop":1711348528789,"duration":402},"status":"passed","steps":[{"name":"Клик по элементу: input[name=createBuildType]","time":{"start":1711348528387,"stop":1711348528789,"duration":402},"status":"passed","steps":[],"attachments":[],"parameters":[],"stepsCount":0,"attachmentsCount":0,"hasContent":false,"attachmentStep":false,"shouldDisplayMessage":false}],"attachments":[],"parameters":[],"stepsCount":1,"attachmentsCount":0,"hasContent":true,"attachmentStep":false,"shouldDisplayMessage":false},{"name":"Ожидание изменения URL на http://localhost:8111/admin/editVcsRoot.html?action=addVcsRoot&editingScope=buildType%3AgbV9awrSJev&cameFromUrl=%2Fadmin%2FeditBuildTypeVcsRoots.html%3Finit%3D1%26id%3DbuildType%3AgbV9awrSJev%26cameFromUrl%3D%252Fadmin%252FeditProject.html%253Finit%253D1%2526projectId%253DfTcqMElyMkM&cameFromTitle=Version%20Control%20Settings&showSkip=true","time":{"start":1711348528789,"stop":1711348537008,"duration":8219},"status":"passed","steps":[],"attachments":[],"parameters":[],"stepsCount":0,"attachmentsCount":0,"hasContent":false,"attachmentStep":false,"shouldDisplayMessage":false},{"name":"Пропустить настройку VCS","time":{"start":1711348537008,"stop":1711348543198,"duration":6190},"status":"passed","steps":[{"name":"Клик по элементу: a.cancel:has-text('Skip')","time":{"start":1711348537008,"stop":1711348543198,"duration":6190},"status":"passed","steps":[],"attachments":[],"parameters":[],"stepsCount":0,"attachmentsCount":0,"hasContent":false,"attachmentStep":false,"shouldDisplayMessage":false}],"attachments":[],"parameters":[],"stepsCount":1,"attachmentsCount":0,"hasContent":true,"attachmentStep":false,"shouldDisplayMessage":false},{"name":"Ожидание изменения URL на http://localhost:8111/admin/editBuildTypeVcsRoots.html?init=1&id=buildType:gbV9awrSJev&cameFromUrl=%2Fadmin%2FeditProject.html%3Finit%3D1%26projectId%3DfTcqMElyMkM","time":{"start":1711348543198,"stop":1711348546912,"duration":3714},"status":"passed","steps":[],"attachments":[],"parameters":[],"stepsCount":0,"attachmentsCount":0,"hasContent":false,"attachmentStep":false,"shouldDisplayMessage":false}],"attachments":[],"parameters":[],"stepsCount":16,"attachmentsCount":0,"hasContent":true,"attachmentStep":false,"shouldDisplayMessage":false},{"name":"Добавление шага","time":{"start":1711348546912,"stop":1711348567281,"duration":20369},"status":"passed","steps":[{"name":"Переход на страницу создания шага билда","time":{"start":1711348546912,"stop":1711348554253,"duration":7341},"status":"passed","steps":[{"name":"Переход на URL: http://localhost:8111/admin/editRunType.html?id=buildType:gbV9awrSJev&runnerId=__NEW_RUNNER__&cameFromUrl=%2Fadmin%2FeditBuildRunners.html%3Fid%3DbuildType%253AgbV9awrSJev%26init%3D1&cameFromTitle=","time":{"start":1711348546912,"stop":1711348554208,"duration":7296},"status":"passed","steps":[],"attachments":[],"parameters":[],"stepsCount":0,"attachmentsCount":0,"hasContent":false,"attachmentStep":false,"shouldDisplayMessage":false},{"name":"Ожидание загрузки страницы","time":{"start":1711348554208,"stop":1711348554252,"duration":44},"status":"passed","steps":[],"attachments":[],"parameters":[],"stepsCount":0,"attachmentsCount":0,"hasContent":false,"attachmentStep":false,"shouldDisplayMessage":false}],"attachments":[],"parameters":[],"stepsCount":2,"attachmentsCount":0,"hasContent":true,"attachmentStep":false,"shouldDisplayMessage":false},{"name":"Переход к созданию шага билда на основе командной строки","time":{"start":1711348554253,"stop":1711348557253,"duration":3000},"status":"passed","steps":[{"name":"Клик по элементу: td.SelectBuildRunners__title--Vf:has-text('Command Line')","time":{"start":1711348554253,"stop":1711348557253,"duration":3000},"status":"passed","steps":[],"attachments":[],"parameters":[],"stepsCount":0,"attachmentsCount":0,"hasContent":false,"attachmentStep":false,"shouldDisplayMessage":false}],"attachments":[],"parameters":[],"stepsCount":1,"attachmentsCount":0,"hasContent":true,"attachmentStep":false,"shouldDisplayMessage":false},{"name":"Ввод данных для создания проекта","time":{"start":1711348557253,"stop":1711348562636,"duration":5383},"status":"passed","steps":[{"name":"Ожидаем появления элемента: input#newRunnerId","time":{"start":1711348557254,"stop":1711348561785,"duration":4531},"status":"passed","steps":[],"attachments":[],"parameters":[],"stepsCount":0,"attachmentsCount":0,"hasContent":false,"attachmentStep":false,"shouldDisplayMessage":false},{"name":"Ввод текста either в элемент: input#newRunnerId","time":{"start":1711348561785,"stop":1711348562127,"duration":342},"status":"passed","steps":[],"attachments":[],"parameters":[],"stepsCount":0,"attachmentsCount":0,"hasContent":false,"attachmentStep":false,"shouldDisplayMessage":false},{"name":"Ввод текста echo 'Hello World!' в элемент: .CodeMirror >> textarea","time":{"start":1711348562127,"stop":1711348562636,"duration":509},"status":"passed","steps":[],"attachments":[],"parameters":[],"stepsCount":0,"attachmentsCount":0,"hasContent":false,"attachmentStep":false,"shouldDisplayMessage":false}],"attachments":[],"parameters":[],"stepsCount":3,"attachmentsCount":0,"hasContent":true,"attachmentStep":false,"shouldDisplayMessage":false},{"name":"Нажатие кнопки создания шага билда","time":{"start":1711348562636,"stop":1711348562964,"duration":328},"status":"passed","steps":[{"name":"Клик по элементу: #saveButtons .submitButton","time":{"start":1711348562636,"stop":1711348562964,"duration":328},"status":"passed","steps":[],"attachments":[],"parameters":[],"stepsCount":0,"attachmentsCount":0,"hasContent":false,"attachmentStep":false,"shouldDisplayMessage":false}],"attachments":[],"parameters":[],"stepsCount":1,"attachmentsCount":0,"hasContent":true,"attachmentStep":false,"shouldDisplayMessage":false},{"name":"Ожидание изменения URL на http://localhost:8111/admin/editBuildRunners.html?id=buildType:gbV9awrSJev","time":{"start":1711348562964,"stop":1711348567281,"duration":4317},"status":"passed","steps":[],"attachments":[],"parameters":[],"stepsCount":0,"attachmentsCount":0,"hasContent":false,"attachmentStep":false,"shouldDisplayMessage":false}],"attachments":[],"parameters":[],"stepsCount":12,"attachmentsCount":0,"hasContent":true,"attachmentStep":false,"shouldDisplayMessage":false},{"name":"Отправка запроса на получение информации по созданной билд конфигурации и наличию шага в билде","time":{"start":1711348567281,"stop":1711348567293,"duration":12},"status":"passed","steps":[],"attachments":[],"parameters":[],"stepsCount":0,"attachmentsCount":0,"hasContent":false,"attachmentStep":false,"shouldDisplayMessage":false}],"attachments":[{"uid":"1a6c63a305d6681","name":"log","source":"1a6c63a305d6681.txt","type":"text/plain","size":3108}],"parameters":[],"stepsCount":43,"attachmentsCount":1,"hasContent":true,"attachmentStep":false,"shouldDisplayMessage":true},"afterStages":[{"name":"build_conf_data::0","time":{"start":1711348567296,"stop":1711348567315,"duration":19},"status":"broken","statusMessage":"ValueError: Билд конфигурации с id gbV9awrSJev не был создан\n","statusTrace":"  File \"/home/runner/.local/lib/python3.10/site-packages/allure_commons/_allure.py\", line 221, in __call__\n    return self._fixture_function(*args, **kwargs)\n  File \"/home/runner/.local/lib/python3.10/site-packages/_pytest/fixtures.py\", line 932, in _teardown_yield_fixture\n    next(it)\n  File \"/home/runner/work/TeamCity_Test/TeamCity_Test/conftest.py\", line 104, in build_conf_data\n    super_admin.api_manager.build_conf_api.clean_up_build_conf(build_conf_id)\n  File \"/home/runner/work/TeamCity_Test/TeamCity_Test/api/build_conf_api.py\", line 31, in clean_up_build_conf\n    raise ValueError(f\"Билд конфигурации с id {create_build_id} не был создан\")\n","steps":[],"attachments":[],"parameters":[],"stepsCount":0,"attachmentsCount":0,"hasContent":true,"attachmentStep":false,"shouldDisplayMessage":true},{"name":"project_data::0","time":{"start":1711348567315,"stop":1711348567344,"duration":29},"status":"broken","statusMessage":"ValueError: Проект с id fTcqMElyMkM не был создан\n","statusTrace":"  File \"/home/runner/.local/lib/python3.10/site-packages/allure_commons/_allure.py\", line 221, in __call__\n    return self._fixture_function(*args, **kwargs)\n  File \"/home/runner/.local/lib/python3.10/site-packages/_pytest/fixtures.py\", line 932, in _teardown_yield_fixture\n    next(it)\n  File \"/home/runner/work/TeamCity_Test/TeamCity_Test/conftest.py\", line 89, in project_data\n    super_admin.api_manager.project_api.clean_up_project(project_id)\n  File \"/home/runner/work/TeamCity_Test/TeamCity_Test/api/project_api.py\", line 30, in clean_up_project\n    raise ValueError(f\"Проект с id {created_project_id} не был создан\")\n","steps":[],"attachments":[],"parameters":[],"stepsCount":0,"attachmentsCount":0,"hasContent":true,"attachmentStep":false,"shouldDisplayMessage":true},{"name":"user_session::0","time":{"start":1711348567345,"stop":1711348567346,"duration":1},"status":"passed","steps":[],"attachments":[],"parameters":[],"stepsCount":0,"attachmentsCount":0,"hasContent":false,"attachmentStep":false,"shouldDisplayMessage":false},{"name":"browser::0","time":{"start":1711348590564,"stop":1711348594981,"duration":4417},"status":"passed","steps":[],"attachments":[],"parameters":[],"stepsCount":0,"attachmentsCount":0,"hasContent":false,"attachmentStep":false,"shouldDisplayMessage":false}],"labels":[{"name":"parentSuite","value":"UI тесты"},{"name":"subSuite","value":"Cоздание билд конфигурации"},{"name":"suite","value":"Управление билд конфигурациями"},{"name":"severity","value":"critical"},{"name":"tag","value":"ui"},{"name":"tag","value":"build_conf"},{"name":"host","value":"fv-az883-859"},{"name":"thread","value":"7767-MainThread"},{"name":"framework","value":"pytest"},{"name":"language","value":"cpython3"},{"name":"package","value":"tests.frontend.test_e2e_build_conf"},{"name":"resultFormat","value":"allure2"}],"parameters":[{"name":"browser","value":"'chromium'"}],"links":[],"hidden":false,"retry":false,"extra":{"severity":"critical","retries":[],"categories":[{"name":"Test defects","matchedStatuses":[],"flaky":false}],"history":{"statistic":{"failed":0,"broken":3,"skipped":0,"passed":2,"unknown":0,"total":5},"items":[{"uid":"c14ff90b0cbc5b40","reportUrl":"https://QAKonstantin.github.io/TeamCity_Test/106//#testresult/c14ff90b0cbc5b40","status":"broken","statusDetails":"exceptiongroup.ExceptionGroup: errors while tearing down <Function test_e2e_create_build_conf[chromium]> (2 sub-exceptions)","time":{"start":1711305440557,"stop":1711305507127,"duration":66570}},{"uid":"b482a10b15a23752","reportUrl":"https://QAKonstantin.github.io/TeamCity_Test/105//#testresult/b482a10b15a23752","status":"passed","time":{"start":1711304724470,"stop":1711304779413,"duration":54943}},{"uid":"f74a7e7927c803e6","reportUrl":"https://QAKonstantin.github.io/TeamCity_Test/104//#testresult/f74a7e7927c803e6","status":"passed","time":{"start":1711303779046,"stop":1711303836048,"duration":57002}},{"uid":"8de77812abdb5407","reportUrl":"https://QAKonstantin.github.io/TeamCity_Test/103//#testresult/8de77812abdb5407","status":"broken","statusDetails":"exceptiongroup.ExceptionGroup: errors while tearing down <Function test_e2e_create_build_conf[chromium]> (2 sub-exceptions)","time":{"start":1711303003801,"stop":1711303064121,"duration":60320}}]},"tags":["ui","build_conf"]},"source":"3cdc9047df5aee62.json","parameterValues":["'chromium'"]}