{"uid":"55dcae0aa532fa53","name":"Невозможность создания проекта с пустыми атрибутами","fullName":"tests.backend.test_create_project.TestProjectCreate#test_create_project_with_empty_attributes","historyId":"f8011a9aa1ec15fef5df6316cca039e6","time":{"start":1711452159898,"stop":1711452159898,"duration":0},"description":"Проверяется валидация с пустыми атрибутами проекта","descriptionHtml":"<p>Проверяется валидация с пустыми атрибутами проекта</p>\n","status":"broken","statusMessage":"ValueError: Unexpected status code: 401, expected: 200","statusTrace":"self = <api.auth_api.AuthAPI object at 0x7f8265acb1f0>\nuser_creds = ('', '8976389362930650481')\n\n    def auth_and_get_csrf(self, user_creds):\n        self.session.auth = user_creds\n        try:\n>           csrf_token = self.send_request(\"GET\", \"/authenticationTest.html?csrf\").text\n\napi/auth_api.py:9: \n_ _ _ _ _ _ _ _ _ _ _ _ _ _ _ _ _ _ _ _ _ _ _ _ _ _ _ _ _ _ _ _ _ _ _ _ _ _ _ _ \n\nself = <api.auth_api.AuthAPI object at 0x7f8265acb1f0>, method = 'GET'\nendpoint = '/authenticationTest.html?csrf', data = None\nexpected_status = <HTTPStatus.OK: 200>, need_logging = True\nneed_verify_status = True\n\n    def send_request(self, method, endpoint, data=None, expected_status=HTTPStatus.OK, need_logging=True,\n                     need_verify_status=True):\n        \"\"\"\n        Врапер для запросов. Позволяет прикручивать дополнительную логику\n        :param method: Метод запроса\n        :param endpoint: Ендпоинт для склейки с BASE_URL\n        :param data: Тело запроса. По умолчанию пустое, чтобы пропускало no-content запросы\n        :param expected_status: Ожидаемый статус код\n        :param need_logging: Флаг для логирования. По умолчанию = True\n        :param need_verify_status: Флаг для проверки статус кода в ответе. По умолчанию = True\n        :return: Возвращает объект ответа\n        \"\"\"\n        url = f\"{self.base_url}{endpoint}\"\n        response = self.session.request(method=method, url=url, json=data)\n        if need_logging:\n            self.log_request_and_response(response, expected_status, need_verify_status)\n        if need_verify_status:\n            if response.status_code != expected_status:\n>               raise ValueError(f\"Unexpected status code: {response.status_code}, expected: {expected_status}\")\nE               ValueError: Unexpected status code: 401, expected: 200\n\ncustom_requester/custom_requester.py:34: ValueError\n\nDuring handling of the above exception, another exception occurred:\n\nuser_session = <function user_session.<locals>._create_user_session at 0x7f8265a98af0>\n\n    @pytest.fixture\n    def super_admin(user_session):\n        new_session = user_session()\n        super_admin = User(SuperAdminCreds.USERNAME, SuperAdminCreds.PASSWORD, None, new_session,\n                           [\"SUPER_ADMIN\"])\n>       super_admin.api_manager.auth_api.auth_and_get_csrf(super_admin.creds)\n\nconftest.py:51: \n_ _ _ _ _ _ _ _ _ _ _ _ _ _ _ _ _ _ _ _ _ _ _ _ _ _ _ _ _ _ _ _ _ _ _ _ _ _ _ _ \n\nself = <api.auth_api.AuthAPI object at 0x7f8265acb1f0>\nuser_creds = ('', '8976389362930650481')\n\n    def auth_and_get_csrf(self, user_creds):\n        self.session.auth = user_creds\n        try:\n            csrf_token = self.send_request(\"GET\", \"/authenticationTest.html?csrf\").text\n        except Exception as e:\n>           raise ValueError(f\"{e}\")\nE           ValueError: Unexpected status code: 401, expected: 200\n\napi/auth_api.py:11: ValueError","flaky":false,"newFailed":false,"newBroken":true,"newPassed":false,"retriesCount":0,"retriesStatusChange":false,"beforeStages":[{"name":"_session_faker","time":{"start":1711452159611,"stop":1711452159651,"duration":40},"status":"passed","steps":[],"attachments":[],"parameters":[],"attachmentsCount":0,"hasContent":false,"attachmentStep":false,"shouldDisplayMessage":false,"stepsCount":0},{"name":"super_admin","time":{"start":1711452159899,"stop":1711452159908,"duration":9},"status":"broken","statusMessage":"ValueError: Unexpected status code: 401, expected: 200\n","statusTrace":"  File \"/home/runner/.local/lib/python3.10/site-packages/pluggy/_callers.py\", line 166, in _multicall\n    teardown.throw(outcome._exception)\n  File \"/home/runner/.local/lib/python3.10/site-packages/_pytest/setuponly.py\", line 36, in pytest_fixture_setup\n    return (yield)\n  File \"/home/runner/.local/lib/python3.10/site-packages/pluggy/_callers.py\", line 102, in _multicall\n    res = hook_impl.function(*args)\n  File \"/home/runner/.local/lib/python3.10/site-packages/_pytest/fixtures.py\", line 1149, in pytest_fixture_setup\n    result = call_fixture_func(fixturefunc, request, kwargs)\n  File \"/home/runner/.local/lib/python3.10/site-packages/_pytest/fixtures.py\", line 923, in call_fixture_func\n    fixture_result = fixturefunc(**kwargs)\n  File \"/home/runner/work/TeamCity_Test/TeamCity_Test/conftest.py\", line 51, in super_admin\n    super_admin.api_manager.auth_api.auth_and_get_csrf(super_admin.creds)\n  File \"/home/runner/work/TeamCity_Test/TeamCity_Test/api/auth_api.py\", line 11, in auth_and_get_csrf\n    raise ValueError(f\"{e}\")\n","steps":[],"attachments":[],"parameters":[],"attachmentsCount":0,"hasContent":true,"attachmentStep":false,"shouldDisplayMessage":true,"stepsCount":0},{"name":"user_session","time":{"start":1711452159899,"stop":1711452159899,"duration":0},"status":"passed","steps":[],"attachments":[],"parameters":[],"attachmentsCount":0,"hasContent":false,"attachmentStep":false,"shouldDisplayMessage":false,"stepsCount":0}],"testStage":{"description":"Проверяется валидация с пустыми атрибутами проекта","status":"broken","statusMessage":"ValueError: Unexpected status code: 401, expected: 200","statusTrace":"self = <api.auth_api.AuthAPI object at 0x7f8265acb1f0>\nuser_creds = ('', '8976389362930650481')\n\n    def auth_and_get_csrf(self, user_creds):\n        self.session.auth = user_creds\n        try:\n>           csrf_token = self.send_request(\"GET\", \"/authenticationTest.html?csrf\").text\n\napi/auth_api.py:9: \n_ _ _ _ _ _ _ _ _ _ _ _ _ _ _ _ _ _ _ _ _ _ _ _ _ _ _ _ _ _ _ _ _ _ _ _ _ _ _ _ \n\nself = <api.auth_api.AuthAPI object at 0x7f8265acb1f0>, method = 'GET'\nendpoint = '/authenticationTest.html?csrf', data = None\nexpected_status = <HTTPStatus.OK: 200>, need_logging = True\nneed_verify_status = True\n\n    def send_request(self, method, endpoint, data=None, expected_status=HTTPStatus.OK, need_logging=True,\n                     need_verify_status=True):\n        \"\"\"\n        Врапер для запросов. Позволяет прикручивать дополнительную логику\n        :param method: Метод запроса\n        :param endpoint: Ендпоинт для склейки с BASE_URL\n        :param data: Тело запроса. По умолчанию пустое, чтобы пропускало no-content запросы\n        :param expected_status: Ожидаемый статус код\n        :param need_logging: Флаг для логирования. По умолчанию = True\n        :param need_verify_status: Флаг для проверки статус кода в ответе. По умолчанию = True\n        :return: Возвращает объект ответа\n        \"\"\"\n        url = f\"{self.base_url}{endpoint}\"\n        response = self.session.request(method=method, url=url, json=data)\n        if need_logging:\n            self.log_request_and_response(response, expected_status, need_verify_status)\n        if need_verify_status:\n            if response.status_code != expected_status:\n>               raise ValueError(f\"Unexpected status code: {response.status_code}, expected: {expected_status}\")\nE               ValueError: Unexpected status code: 401, expected: 200\n\ncustom_requester/custom_requester.py:34: ValueError\n\nDuring handling of the above exception, another exception occurred:\n\nuser_session = <function user_session.<locals>._create_user_session at 0x7f8265a98af0>\n\n    @pytest.fixture\n    def super_admin(user_session):\n        new_session = user_session()\n        super_admin = User(SuperAdminCreds.USERNAME, SuperAdminCreds.PASSWORD, None, new_session,\n                           [\"SUPER_ADMIN\"])\n>       super_admin.api_manager.auth_api.auth_and_get_csrf(super_admin.creds)\n\nconftest.py:51: \n_ _ _ _ _ _ _ _ _ _ _ _ _ _ _ _ _ _ _ _ _ _ _ _ _ _ _ _ _ _ _ _ _ _ _ _ _ _ _ _ \n\nself = <api.auth_api.AuthAPI object at 0x7f8265acb1f0>\nuser_creds = ('', '8976389362930650481')\n\n    def auth_and_get_csrf(self, user_creds):\n        self.session.auth = user_creds\n        try:\n            csrf_token = self.send_request(\"GET\", \"/authenticationTest.html?csrf\").text\n        except Exception as e:\n>           raise ValueError(f\"{e}\")\nE           ValueError: Unexpected status code: 401, expected: 200\n\napi/auth_api.py:11: ValueError","steps":[],"attachments":[{"uid":"67d242b1af1c3b7f","name":"log","source":"67d242b1af1c3b7f.txt","type":"text/plain","size":625}],"parameters":[],"attachmentsCount":1,"hasContent":true,"attachmentStep":false,"shouldDisplayMessage":true,"stepsCount":0},"afterStages":[{"name":"user_session::0","time":{"start":1711452159934,"stop":1711452159934,"duration":0},"status":"passed","steps":[],"attachments":[],"parameters":[],"attachmentsCount":0,"hasContent":false,"attachmentStep":false,"shouldDisplayMessage":false,"stepsCount":0}],"labels":[{"name":"suite","value":"Управление проектами"},{"name":"severity","value":"normal"},{"name":"parentSuite","value":"API тесты"},{"name":"subSuite","value":"Негативные сценарии"},{"name":"tag","value":"projects"},{"name":"host","value":"fv-az1391-496"},{"name":"thread","value":"7839-MainThread"},{"name":"framework","value":"pytest"},{"name":"language","value":"cpython3"},{"name":"package","value":"tests.backend.test_create_project"},{"name":"resultFormat","value":"allure2"}],"parameters":[{"name":"attribute","value":"'name'"},{"name":"status_code","value":"<HTTPStatus.BAD_REQUEST: 400>"},{"name":"text_error","value":"'BadRequestException: Project name cannot be empty'"},{"name":"value","value":"''"}],"links":[],"hidden":false,"retry":false,"extra":{"severity":"normal","retries":[],"categories":[{"name":"Test defects","matchedStatuses":[],"flaky":false}],"history":{"statistic":{"failed":0,"broken":1,"skipped":0,"passed":3,"unknown":0,"total":4},"items":[{"uid":"2ddd963bec52a20a","reportUrl":"https://QAKonstantin.github.io/TeamCity_Test/121//#testresult/2ddd963bec52a20a","status":"passed","time":{"start":1711451063627,"stop":1711451063638,"duration":11}},{"uid":"c4629191e1c5b4d3","reportUrl":"https://QAKonstantin.github.io/TeamCity_Test/120//#testresult/c4629191e1c5b4d3","status":"passed","time":{"start":1711369184431,"stop":1711369184436,"duration":5}},{"uid":"3840beacc4f6edaa","reportUrl":"https://QAKonstantin.github.io/TeamCity_Test/119//#testresult/3840beacc4f6edaa","status":"passed","time":{"start":1711356085482,"stop":1711356085487,"duration":5}}]},"tags":["projects"]},"source":"55dcae0aa532fa53.json","parameterValues":["'name'","<HTTPStatus.BAD_REQUEST: 400>","'BadRequestException: Project name cannot be empty'","''"]}