{"uid":"49802e18ece85fd3","name":"Проверка невозможности создания билд конфигурации","fullName":"tests.backend.test_create_build_conf.TestBuildConfCreate#test_create_build_conf_with_empty_attributes","historyId":"d82ad3bbfa11ca328b90f946ed386d09","time":{"start":1712577098053,"stop":1712577098114,"duration":61},"description":"Проверяется валидация с пустыми атрибутами билд конфигурации","descriptionHtml":"<p>Проверяется валидация с пустыми атрибутами билд конфигурации</p>\n","status":"broken","statusMessage":"ValueError: Unexpected status code: 403, expected: 200","statusTrace":"self = <test_create_build_conf.TestBuildConfCreate object at 0x7fd15e2f1990>\nproject_data = <function project_data.<locals>._create_project_data at 0x7fd15e113010>\nbuild_conf_data = <function build_conf_data.<locals>._create_build_conf_data at 0x7fd15e1130a0>\nsuper_admin = <entities.user.User object at 0x7fd15e2e4d00>, attribute = 'id'\nstatus_code = <HTTPStatus.INTERNAL_SERVER_ERROR: 500>\ntext_error = 'InvalidIdentifierException: Build configuration or template ID must not be empty'\nvalue = ''\n\n    @pytest.mark.parametrize((\"attribute\", \"status_code\", \"text_error\", \"value\"), [\n        (\"name\", HTTPStatus.BAD_REQUEST,\n         \"BadRequestException: When creating a build type, non empty name should be provided.\", ''),\n        (\"id\", HTTPStatus.INTERNAL_SERVER_ERROR,\n         \"InvalidIdentifierException: Build configuration or template ID must not be empty\", ''),\n        (\"project_id\", HTTPStatus.NOT_FOUND,\n         \"NotFoundException: No project found by locator 'count:1,id:\", '')\n    ], ids=[\"name\",\n            \"id\",\n            \"project_id\"])\n    @allure.severity(allure.severity_level.NORMAL)\n    @allure.parent_suite(\"API тесты\")\n    @allure.suite(\"Управление билд конфигурациями\")\n    @allure.sub_suite(\"Создание билд конфигурации\")\n    @allure.sub_suite(\"Негативные сценарии\")\n    @allure.title('Проверка невозможности создания билд конфигурации')\n    @allure.description('Проверяется валидация с пустыми атрибутами билд конфигурации')\n    @pytest.mark.build_conf\n    @pytest.mark.api\n    def test_create_build_conf_with_empty_attributes(self, project_data, build_conf_data, super_admin, attribute,\n                                                     status_code, text_error, value):\n        with (allure.step('Подготовка данных для создания проекта и билд конфигурации')):\n            project_data_1 = project_data()\n            build_conf_data_1 = dict(BuildConfData.create_build_conf_data(project_data_1.id))\n            if attribute == \"project_id\":\n                build_conf_data_1[\"project\"][\"id\"] = ''\n            else:\n                build_conf_data_1[attribute] = value\n    \n        with allure.step('Отправка запроса на создание проекта'):\n>           created_project_response = super_admin.api_manager.project_api.create_project(\n                project_data_1.model_dump()).text\n\ntests/backend/test_create_build_conf.py:122: \n_ _ _ _ _ _ _ _ _ _ _ _ _ _ _ _ _ _ _ _ _ _ _ _ _ _ _ _ _ _ _ _ _ _ _ _ _ _ _ _ \napi/project_api.py:9: in create_project\n    return self.send_request(\"POST\", \"/app/rest/projects\", data=project_data,\n_ _ _ _ _ _ _ _ _ _ _ _ _ _ _ _ _ _ _ _ _ _ _ _ _ _ _ _ _ _ _ _ _ _ _ _ _ _ _ _ \n\nself = <api.project_api.ProjectApi object at 0x7fd15e296c50>, method = 'POST'\nendpoint = '/app/rest/projects'\ndata = {'copyAllAssociatedSettings': True, 'id': 'vHDDAKrLiUJ', 'name': 'expect', 'parentProject': {'locator': '_Root'}}\nexpected_status = <HTTPStatus.OK: 200>, need_logging = True\nneed_verify_status = True\n\n    def send_request(self, method, endpoint, data=None, expected_status=HTTPStatus.OK, need_logging=True,\n                     need_verify_status=True):\n        \"\"\"\n        Врапер для запросов. Позволяет прикручивать дополнительную логику\n        :param method: Метод запроса\n        :param endpoint: Ендпоинт для склейки с BASE_URL\n        :param data: Тело запроса. По умолчанию пустое, чтобы пропускало no-content запросы\n        :param expected_status: Ожидаемый статус код\n        :param need_logging: Флаг для логирования. По умолчанию = True\n        :param need_verify_status: Флаг для проверки статус кода в ответе. По умолчанию = True\n        :return: Возвращает объект ответа\n        \"\"\"\n        if endpoint == \"/authenticationTest.html?csrf\":\n            url = f\"{self.base_url}{endpoint}\"\n            response = self.session.request(method=method, url=url, json=data)\n        else:\n            kwargs = {\"json\": data}\n            response: Response = CoverageListener(\n                method=method,\n                base_url=self.base_url,\n                raw_path=endpoint,\n                uri_params={},\n                session=self.session,\n                **kwargs\n            ).response\n            if need_logging:\n                self.log_request_and_response(response, expected_status, need_verify_status)\n            if need_verify_status:\n                if response.status_code != expected_status:\n>                   raise ValueError(f\"Unexpected status code: {response.status_code}, expected: {expected_status}\")\nE                   ValueError: Unexpected status code: 403, expected: 200\n\ncustom_requester/custom_requester.py:47: ValueError","flaky":false,"newFailed":false,"newBroken":false,"newPassed":false,"retriesCount":0,"retriesStatusChange":false,"beforeStages":[{"name":"_session_faker","time":{"start":1712577083309,"stop":1712577083351,"duration":42},"status":"passed","steps":[],"attachments":[],"parameters":[],"shouldDisplayMessage":false,"stepsCount":0,"attachmentsCount":0,"hasContent":false,"attachmentStep":false},{"name":"setup_swagger_coverage","time":{"start":1712577083351,"stop":1712577097976,"duration":14625},"status":"passed","steps":[],"attachments":[],"parameters":[],"shouldDisplayMessage":false,"stepsCount":0,"attachmentsCount":0,"hasContent":false,"attachmentStep":false},{"name":"user_session","time":{"start":1712577097977,"stop":1712577097977,"duration":0},"status":"passed","steps":[],"attachments":[],"parameters":[],"shouldDisplayMessage":false,"stepsCount":0,"attachmentsCount":0,"hasContent":false,"attachmentStep":false},{"name":"super_admin","time":{"start":1712577097977,"stop":1712577098037,"duration":60},"status":"passed","steps":[],"attachments":[],"parameters":[],"shouldDisplayMessage":false,"stepsCount":0,"attachmentsCount":0,"hasContent":false,"attachmentStep":false},{"name":"build_conf_data","time":{"start":1712577098037,"stop":1712577098037,"duration":0},"status":"passed","steps":[],"attachments":[],"parameters":[],"shouldDisplayMessage":false,"stepsCount":0,"attachmentsCount":0,"hasContent":false,"attachmentStep":false},{"name":"project_data","time":{"start":1712577098037,"stop":1712577098037,"duration":0},"status":"passed","steps":[],"attachments":[],"parameters":[],"shouldDisplayMessage":false,"stepsCount":0,"attachmentsCount":0,"hasContent":false,"attachmentStep":false}],"testStage":{"description":"Проверяется валидация с пустыми атрибутами билд конфигурации","status":"broken","statusMessage":"ValueError: Unexpected status code: 403, expected: 200","statusTrace":"self = <test_create_build_conf.TestBuildConfCreate object at 0x7fd15e2f1990>\nproject_data = <function project_data.<locals>._create_project_data at 0x7fd15e113010>\nbuild_conf_data = <function build_conf_data.<locals>._create_build_conf_data at 0x7fd15e1130a0>\nsuper_admin = <entities.user.User object at 0x7fd15e2e4d00>, attribute = 'id'\nstatus_code = <HTTPStatus.INTERNAL_SERVER_ERROR: 500>\ntext_error = 'InvalidIdentifierException: Build configuration or template ID must not be empty'\nvalue = ''\n\n    @pytest.mark.parametrize((\"attribute\", \"status_code\", \"text_error\", \"value\"), [\n        (\"name\", HTTPStatus.BAD_REQUEST,\n         \"BadRequestException: When creating a build type, non empty name should be provided.\", ''),\n        (\"id\", HTTPStatus.INTERNAL_SERVER_ERROR,\n         \"InvalidIdentifierException: Build configuration or template ID must not be empty\", ''),\n        (\"project_id\", HTTPStatus.NOT_FOUND,\n         \"NotFoundException: No project found by locator 'count:1,id:\", '')\n    ], ids=[\"name\",\n            \"id\",\n            \"project_id\"])\n    @allure.severity(allure.severity_level.NORMAL)\n    @allure.parent_suite(\"API тесты\")\n    @allure.suite(\"Управление билд конфигурациями\")\n    @allure.sub_suite(\"Создание билд конфигурации\")\n    @allure.sub_suite(\"Негативные сценарии\")\n    @allure.title('Проверка невозможности создания билд конфигурации')\n    @allure.description('Проверяется валидация с пустыми атрибутами билд конфигурации')\n    @pytest.mark.build_conf\n    @pytest.mark.api\n    def test_create_build_conf_with_empty_attributes(self, project_data, build_conf_data, super_admin, attribute,\n                                                     status_code, text_error, value):\n        with (allure.step('Подготовка данных для создания проекта и билд конфигурации')):\n            project_data_1 = project_data()\n            build_conf_data_1 = dict(BuildConfData.create_build_conf_data(project_data_1.id))\n            if attribute == \"project_id\":\n                build_conf_data_1[\"project\"][\"id\"] = ''\n            else:\n                build_conf_data_1[attribute] = value\n    \n        with allure.step('Отправка запроса на создание проекта'):\n>           created_project_response = super_admin.api_manager.project_api.create_project(\n                project_data_1.model_dump()).text\n\ntests/backend/test_create_build_conf.py:122: \n_ _ _ _ _ _ _ _ _ _ _ _ _ _ _ _ _ _ _ _ _ _ _ _ _ _ _ _ _ _ _ _ _ _ _ _ _ _ _ _ \napi/project_api.py:9: in create_project\n    return self.send_request(\"POST\", \"/app/rest/projects\", data=project_data,\n_ _ _ _ _ _ _ _ _ _ _ _ _ _ _ _ _ _ _ _ _ _ _ _ _ _ _ _ _ _ _ _ _ _ _ _ _ _ _ _ \n\nself = <api.project_api.ProjectApi object at 0x7fd15e296c50>, method = 'POST'\nendpoint = '/app/rest/projects'\ndata = {'copyAllAssociatedSettings': True, 'id': 'vHDDAKrLiUJ', 'name': 'expect', 'parentProject': {'locator': '_Root'}}\nexpected_status = <HTTPStatus.OK: 200>, need_logging = True\nneed_verify_status = True\n\n    def send_request(self, method, endpoint, data=None, expected_status=HTTPStatus.OK, need_logging=True,\n                     need_verify_status=True):\n        \"\"\"\n        Врапер для запросов. Позволяет прикручивать дополнительную логику\n        :param method: Метод запроса\n        :param endpoint: Ендпоинт для склейки с BASE_URL\n        :param data: Тело запроса. По умолчанию пустое, чтобы пропускало no-content запросы\n        :param expected_status: Ожидаемый статус код\n        :param need_logging: Флаг для логирования. По умолчанию = True\n        :param need_verify_status: Флаг для проверки статус кода в ответе. По умолчанию = True\n        :return: Возвращает объект ответа\n        \"\"\"\n        if endpoint == \"/authenticationTest.html?csrf\":\n            url = f\"{self.base_url}{endpoint}\"\n            response = self.session.request(method=method, url=url, json=data)\n        else:\n            kwargs = {\"json\": data}\n            response: Response = CoverageListener(\n                method=method,\n                base_url=self.base_url,\n                raw_path=endpoint,\n                uri_params={},\n                session=self.session,\n                **kwargs\n            ).response\n            if need_logging:\n                self.log_request_and_response(response, expected_status, need_verify_status)\n            if need_verify_status:\n                if response.status_code != expected_status:\n>                   raise ValueError(f\"Unexpected status code: {response.status_code}, expected: {expected_status}\")\nE                   ValueError: Unexpected status code: 403, expected: 200\n\ncustom_requester/custom_requester.py:47: ValueError","steps":[{"name":"Подготовка данных для создания проекта и билд конфигурации","time":{"start":1712577098053,"stop":1712577098055,"duration":2},"status":"passed","steps":[],"attachments":[],"parameters":[],"shouldDisplayMessage":false,"stepsCount":0,"attachmentsCount":0,"hasContent":false,"attachmentStep":false},{"name":"Отправка запроса на создание проекта","time":{"start":1712577098055,"stop":1712577098113,"duration":58},"status":"broken","statusMessage":"ValueError: Unexpected status code: 403, expected: 200\n","statusTrace":"  File \"/home/runner/work/TeamCity_Test/TeamCity_Test/tests/backend/test_create_build_conf.py\", line 122, in test_create_build_conf_with_empty_attributes\n    created_project_response = super_admin.api_manager.project_api.create_project(\n  File \"/home/runner/work/TeamCity_Test/TeamCity_Test/api/project_api.py\", line 9, in create_project\n    return self.send_request(\"POST\", \"/app/rest/projects\", data=project_data,\n  File \"/home/runner/work/TeamCity_Test/TeamCity_Test/custom_requester/custom_requester.py\", line 47, in send_request\n    raise ValueError(f\"Unexpected status code: {response.status_code}, expected: {expected_status}\")\n","steps":[],"attachments":[],"parameters":[],"shouldDisplayMessage":true,"stepsCount":0,"attachmentsCount":0,"hasContent":true,"attachmentStep":false}],"attachments":[{"uid":"59b5db31cb50fef5","name":"log","source":"59b5db31cb50fef5.txt","type":"text/plain","size":2555}],"parameters":[],"shouldDisplayMessage":true,"stepsCount":2,"attachmentsCount":1,"hasContent":true,"attachmentStep":false},"afterStages":[{"name":"build_conf_data::0","time":{"start":1712577098220,"stop":1712577098221,"duration":1},"status":"passed","steps":[],"attachments":[],"parameters":[],"shouldDisplayMessage":false,"stepsCount":0,"attachmentsCount":0,"hasContent":false,"attachmentStep":false},{"name":"project_data::0","time":{"start":1712577098221,"stop":1712577098310,"duration":89},"status":"broken","statusMessage":"ValueError: Проект с id vHDDAKrLiUJ не был создан\n","statusTrace":"  File \"/home/runner/.local/lib/python3.10/site-packages/allure_commons/_allure.py\", line 221, in __call__\n    return self._fixture_function(*args, **kwargs)\n  File \"/home/runner/.local/lib/python3.10/site-packages/_pytest/fixtures.py\", line 932, in _teardown_yield_fixture\n    next(it)\n  File \"/home/runner/work/TeamCity_Test/TeamCity_Test/conftest.py\", line 120, in project_data\n    super_admin.api_manager.project_api.clean_up_project(project_id)\n  File \"/home/runner/work/TeamCity_Test/TeamCity_Test/api/project_api.py\", line 30, in clean_up_project\n    raise ValueError(f\"Проект с id {created_project_id} не был создан\")\n","steps":[],"attachments":[],"parameters":[],"shouldDisplayMessage":true,"stepsCount":0,"attachmentsCount":0,"hasContent":true,"attachmentStep":false},{"name":"user_session::0","time":{"start":1712577098311,"stop":1712577098311,"duration":0},"status":"passed","steps":[],"attachments":[],"parameters":[],"shouldDisplayMessage":false,"stepsCount":0,"attachmentsCount":0,"hasContent":false,"attachmentStep":false},{"name":"setup_swagger_coverage::0","time":{"start":1712577098526,"stop":1712577108201,"duration":9675},"status":"passed","steps":[],"attachments":[],"parameters":[],"shouldDisplayMessage":false,"stepsCount":0,"attachmentsCount":0,"hasContent":false,"attachmentStep":false}],"labels":[{"name":"subSuite","value":"Негативные сценарии"},{"name":"suite","value":"Управление билд конфигурациями"},{"name":"severity","value":"normal"},{"name":"parentSuite","value":"API тесты"},{"name":"tag","value":"api"},{"name":"tag","value":"build_conf"},{"name":"host","value":"fv-az529-148"},{"name":"thread","value":"7770-MainThread"},{"name":"framework","value":"pytest"},{"name":"language","value":"cpython3"},{"name":"package","value":"tests.backend.test_create_build_conf"},{"name":"resultFormat","value":"allure2"}],"parameters":[{"name":"attribute","value":"'id'"},{"name":"status_code","value":"<HTTPStatus.INTERNAL_SERVER_ERROR: 500>"},{"name":"text_error","value":"'InvalidIdentifierException: Build configuration or template ID must not be empty'"},{"name":"value","value":"''"}],"links":[],"hidden":false,"retry":false,"extra":{"severity":"normal","retries":[],"categories":[{"name":"Test defects","matchedStatuses":[],"flaky":false}],"history":{"statistic":{"failed":0,"broken":4,"skipped":0,"passed":10,"unknown":0,"total":14},"items":[{"uid":"fbe6a89a3ba0c8f","reportUrl":"https://QAKonstantin.github.io/TeamCity_Test/227//#testresult/fbe6a89a3ba0c8f","status":"broken","statusDetails":"ValueError: Unexpected status code: 403, expected: 200","time":{"start":1712576164165,"stop":1712576164208,"duration":43}},{"uid":"b08492586b9cc49c","reportUrl":"https://QAKonstantin.github.io/TeamCity_Test/226//#testresult/b08492586b9cc49c","status":"broken","statusDetails":"ValueError: Session.request() got an unexpected keyword argument 'session'","time":{"start":1712575679054,"stop":1712575679054,"duration":0}},{"uid":"130b6f598fac65e6","reportUrl":"https://QAKonstantin.github.io/TeamCity_Test/221//#testresult/130b6f598fac65e6","status":"broken","statusDetails":"ValueError: Session.request() got an unexpected keyword argument 'session'","time":{"start":1712574353170,"stop":1712574353170,"duration":0}},{"uid":"18faddd20709c645","reportUrl":"https://QAKonstantin.github.io/TeamCity_Test/216//#testresult/18faddd20709c645","status":"passed","time":{"start":1712408228550,"stop":1712408229595,"duration":1045}},{"uid":"3e60c02f3e4cf0b6","reportUrl":"https://QAKonstantin.github.io/TeamCity_Test/215//#testresult/3e60c02f3e4cf0b6","status":"passed","time":{"start":1712160918627,"stop":1712160919611,"duration":984}},{"uid":"754bfcbd2d0dfb2e","reportUrl":"https://QAKonstantin.github.io/TeamCity_Test/214//#testresult/754bfcbd2d0dfb2e","status":"passed","time":{"start":1712160281000,"stop":1712160282058,"duration":1058}},{"uid":"5b60faa997818ae2","reportUrl":"https://QAKonstantin.github.io/TeamCity_Test/213//#testresult/5b60faa997818ae2","status":"passed","time":{"start":1712158392592,"stop":1712158393676,"duration":1084}},{"uid":"a04851175ba4df10","reportUrl":"https://QAKonstantin.github.io/TeamCity_Test/212//#testresult/a04851175ba4df10","status":"passed","time":{"start":1712158077391,"stop":1712158078344,"duration":953}},{"uid":"30861ee9638054a9","reportUrl":"https://QAKonstantin.github.io/TeamCity_Test/211//#testresult/30861ee9638054a9","status":"passed","time":{"start":1712157571166,"stop":1712157572153,"duration":987}},{"uid":"94e5d261907a5a5a","reportUrl":"https://QAKonstantin.github.io/TeamCity_Test/210//#testresult/94e5d261907a5a5a","status":"passed","time":{"start":1711983587130,"stop":1711983588150,"duration":1020}},{"uid":"da4f238cf1bdcbd6","reportUrl":"https://QAKonstantin.github.io/TeamCity_Test/208//#testresult/da4f238cf1bdcbd6","status":"passed","time":{"start":1711982399645,"stop":1711982400954,"duration":1309}},{"uid":"708ab27ee3e7a9bb","reportUrl":"https://QAKonstantin.github.io/TeamCity_Test/207//#testresult/708ab27ee3e7a9bb","status":"passed","time":{"start":1711981738672,"stop":1711981740562,"duration":1890}},{"uid":"c22c6d049e17d179","reportUrl":"https://QAKonstantin.github.io/TeamCity_Test/206//#testresult/c22c6d049e17d179","status":"passed","time":{"start":1711981074516,"stop":1711981075449,"duration":933}}]},"tags":["api","build_conf"]},"source":"49802e18ece85fd3.json","parameterValues":["'id'","<HTTPStatus.INTERNAL_SERVER_ERROR: 500>","'InvalidIdentifierException: Build configuration or template ID must not be empty'","''"]}