{"uid":"77e05b3fed30ae8","name":"Проверка невозможности создания билд конфигурации","fullName":"tests.backend.test_create_build_conf.TestBuildConfCreate#test_create_build_conf_with_empty_attributes","historyId":"ebf06c873d369f8bf0194f5b4bab12d6","time":{"start":1712576164638,"stop":1712576164680,"duration":42},"description":"Проверяется валидация с пустыми атрибутами билд конфигурации","descriptionHtml":"<p>Проверяется валидация с пустыми атрибутами билд конфигурации</p>\n","status":"broken","statusMessage":"ValueError: Unexpected status code: 403, expected: 200","statusTrace":"self = <test_create_build_conf.TestBuildConfCreate object at 0x7f94144c5b40>\nproject_data = <function project_data.<locals>._create_project_data at 0x7f9414323760>\nbuild_conf_data = <function build_conf_data.<locals>._create_build_conf_data at 0x7f94143237f0>\nsuper_admin = <entities.user.User object at 0x7f9414491660>, attribute = 'name'\nstatus_code = <HTTPStatus.BAD_REQUEST: 400>\ntext_error = 'BadRequestException: When creating a build type, non empty name should be provided.'\nvalue = ''\n\n    @pytest.mark.parametrize((\"attribute\", \"status_code\", \"text_error\", \"value\"), [\n        (\"name\", HTTPStatus.BAD_REQUEST,\n         \"BadRequestException: When creating a build type, non empty name should be provided.\", ''),\n        (\"id\", HTTPStatus.INTERNAL_SERVER_ERROR,\n         \"InvalidIdentifierException: Build configuration or template ID must not be empty\", ''),\n        (\"project_id\", HTTPStatus.NOT_FOUND,\n         \"NotFoundException: No project found by locator 'count:1,id:\", '')\n    ], ids=[\"name\",\n            \"id\",\n            \"project_id\"])\n    @allure.severity(allure.severity_level.NORMAL)\n    @allure.parent_suite(\"API тесты\")\n    @allure.suite(\"Управление билд конфигурациями\")\n    @allure.sub_suite(\"Создание билд конфигурации\")\n    @allure.sub_suite(\"Негативные сценарии\")\n    @allure.title('Проверка невозможности создания билд конфигурации')\n    @allure.description('Проверяется валидация с пустыми атрибутами билд конфигурации')\n    @pytest.mark.build_conf\n    @pytest.mark.api\n    def test_create_build_conf_with_empty_attributes(self, project_data, build_conf_data, super_admin, attribute,\n                                                     status_code, text_error, value):\n        with (allure.step('Подготовка данных для создания проекта и билд конфигурации')):\n            project_data_1 = project_data()\n            build_conf_data_1 = dict(BuildConfData.create_build_conf_data(project_data_1.id))\n            if attribute == \"project_id\":\n                build_conf_data_1[\"project\"][\"id\"] = ''\n            else:\n                build_conf_data_1[attribute] = value\n    \n        with allure.step('Отправка запроса на создание проекта'):\n>           created_project_response = super_admin.api_manager.project_api.create_project(\n                project_data_1.model_dump()).text\n\ntests/backend/test_create_build_conf.py:122: \n_ _ _ _ _ _ _ _ _ _ _ _ _ _ _ _ _ _ _ _ _ _ _ _ _ _ _ _ _ _ _ _ _ _ _ _ _ _ _ _ \napi/project_api.py:9: in create_project\n    return self.send_request(\"POST\", \"/app/rest/projects\", data=project_data,\n_ _ _ _ _ _ _ _ _ _ _ _ _ _ _ _ _ _ _ _ _ _ _ _ _ _ _ _ _ _ _ _ _ _ _ _ _ _ _ _ \n\nself = <api.project_api.ProjectApi object at 0x7f9414491270>, method = 'POST'\nendpoint = '/app/rest/projects'\ndata = {'copyAllAssociatedSettings': True, 'id': 'DJZUwZ7S2kE', 'name': 'final', 'parentProject': {'locator': '_Root'}}\nexpected_status = <HTTPStatus.OK: 200>, need_logging = True\nneed_verify_status = True\n\n    def send_request(self, method, endpoint, data=None, expected_status=HTTPStatus.OK, need_logging=True,\n                     need_verify_status=True):\n        \"\"\"\n        Врапер для запросов. Позволяет прикручивать дополнительную логику\n        :param method: Метод запроса\n        :param endpoint: Ендпоинт для склейки с BASE_URL\n        :param data: Тело запроса. По умолчанию пустое, чтобы пропускало no-content запросы\n        :param expected_status: Ожидаемый статус код\n        :param need_logging: Флаг для логирования. По умолчанию = True\n        :param need_verify_status: Флаг для проверки статус кода в ответе. По умолчанию = True\n        :return: Возвращает объект ответа\n        \"\"\"\n        if endpoint == \"/authenticationTest.html?csrf\":\n            url = f\"{self.base_url}{endpoint}\"\n            response = self.session.request(method=method, url=url, json=data)\n        else:\n            kwargs = {\"json\": data}\n            response: Response = CoverageListener(\n                method=method,\n                base_url=self.base_url,\n                raw_path=endpoint,\n                uri_params={},\n                session=self.session,\n                **kwargs\n            ).response\n            if need_logging:\n                self.log_request_and_response(response, expected_status, need_verify_status)\n            if need_verify_status:\n                if response.status_code != expected_status:\n>                   raise ValueError(f\"Unexpected status code: {response.status_code}, expected: {expected_status}\")\nE                   ValueError: Unexpected status code: 403, expected: 200\n\ncustom_requester/custom_requester.py:47: ValueError","flaky":false,"newFailed":false,"newBroken":false,"newPassed":false,"retriesCount":0,"retriesStatusChange":false,"beforeStages":[{"name":"_session_faker","time":{"start":1712576149087,"stop":1712576149142,"duration":55},"status":"passed","steps":[],"attachments":[],"parameters":[],"shouldDisplayMessage":false,"stepsCount":0,"attachmentsCount":0,"hasContent":false,"attachmentStep":false},{"name":"setup_swagger_coverage","time":{"start":1712576149142,"stop":1712576164551,"duration":15409},"status":"passed","steps":[],"attachments":[],"parameters":[],"shouldDisplayMessage":false,"stepsCount":0,"attachmentsCount":0,"hasContent":false,"attachmentStep":false},{"name":"super_admin","time":{"start":1712576164552,"stop":1712576164635,"duration":83},"status":"passed","steps":[],"attachments":[],"parameters":[],"shouldDisplayMessage":false,"stepsCount":0,"attachmentsCount":0,"hasContent":false,"attachmentStep":false},{"name":"user_session","time":{"start":1712576164552,"stop":1712576164552,"duration":0},"status":"passed","steps":[],"attachments":[],"parameters":[],"shouldDisplayMessage":false,"stepsCount":0,"attachmentsCount":0,"hasContent":false,"attachmentStep":false},{"name":"project_data","time":{"start":1712576164635,"stop":1712576164635,"duration":0},"status":"passed","steps":[],"attachments":[],"parameters":[],"shouldDisplayMessage":false,"stepsCount":0,"attachmentsCount":0,"hasContent":false,"attachmentStep":false},{"name":"build_conf_data","time":{"start":1712576164636,"stop":1712576164636,"duration":0},"status":"passed","steps":[],"attachments":[],"parameters":[],"shouldDisplayMessage":false,"stepsCount":0,"attachmentsCount":0,"hasContent":false,"attachmentStep":false}],"testStage":{"description":"Проверяется валидация с пустыми атрибутами билд конфигурации","status":"broken","statusMessage":"ValueError: Unexpected status code: 403, expected: 200","statusTrace":"self = <test_create_build_conf.TestBuildConfCreate object at 0x7f94144c5b40>\nproject_data = <function project_data.<locals>._create_project_data at 0x7f9414323760>\nbuild_conf_data = <function build_conf_data.<locals>._create_build_conf_data at 0x7f94143237f0>\nsuper_admin = <entities.user.User object at 0x7f9414491660>, attribute = 'name'\nstatus_code = <HTTPStatus.BAD_REQUEST: 400>\ntext_error = 'BadRequestException: When creating a build type, non empty name should be provided.'\nvalue = ''\n\n    @pytest.mark.parametrize((\"attribute\", \"status_code\", \"text_error\", \"value\"), [\n        (\"name\", HTTPStatus.BAD_REQUEST,\n         \"BadRequestException: When creating a build type, non empty name should be provided.\", ''),\n        (\"id\", HTTPStatus.INTERNAL_SERVER_ERROR,\n         \"InvalidIdentifierException: Build configuration or template ID must not be empty\", ''),\n        (\"project_id\", HTTPStatus.NOT_FOUND,\n         \"NotFoundException: No project found by locator 'count:1,id:\", '')\n    ], ids=[\"name\",\n            \"id\",\n            \"project_id\"])\n    @allure.severity(allure.severity_level.NORMAL)\n    @allure.parent_suite(\"API тесты\")\n    @allure.suite(\"Управление билд конфигурациями\")\n    @allure.sub_suite(\"Создание билд конфигурации\")\n    @allure.sub_suite(\"Негативные сценарии\")\n    @allure.title('Проверка невозможности создания билд конфигурации')\n    @allure.description('Проверяется валидация с пустыми атрибутами билд конфигурации')\n    @pytest.mark.build_conf\n    @pytest.mark.api\n    def test_create_build_conf_with_empty_attributes(self, project_data, build_conf_data, super_admin, attribute,\n                                                     status_code, text_error, value):\n        with (allure.step('Подготовка данных для создания проекта и билд конфигурации')):\n            project_data_1 = project_data()\n            build_conf_data_1 = dict(BuildConfData.create_build_conf_data(project_data_1.id))\n            if attribute == \"project_id\":\n                build_conf_data_1[\"project\"][\"id\"] = ''\n            else:\n                build_conf_data_1[attribute] = value\n    \n        with allure.step('Отправка запроса на создание проекта'):\n>           created_project_response = super_admin.api_manager.project_api.create_project(\n                project_data_1.model_dump()).text\n\ntests/backend/test_create_build_conf.py:122: \n_ _ _ _ _ _ _ _ _ _ _ _ _ _ _ _ _ _ _ _ _ _ _ _ _ _ _ _ _ _ _ _ _ _ _ _ _ _ _ _ \napi/project_api.py:9: in create_project\n    return self.send_request(\"POST\", \"/app/rest/projects\", data=project_data,\n_ _ _ _ _ _ _ _ _ _ _ _ _ _ _ _ _ _ _ _ _ _ _ _ _ _ _ _ _ _ _ _ _ _ _ _ _ _ _ _ \n\nself = <api.project_api.ProjectApi object at 0x7f9414491270>, method = 'POST'\nendpoint = '/app/rest/projects'\ndata = {'copyAllAssociatedSettings': True, 'id': 'DJZUwZ7S2kE', 'name': 'final', 'parentProject': {'locator': '_Root'}}\nexpected_status = <HTTPStatus.OK: 200>, need_logging = True\nneed_verify_status = True\n\n    def send_request(self, method, endpoint, data=None, expected_status=HTTPStatus.OK, need_logging=True,\n                     need_verify_status=True):\n        \"\"\"\n        Врапер для запросов. Позволяет прикручивать дополнительную логику\n        :param method: Метод запроса\n        :param endpoint: Ендпоинт для склейки с BASE_URL\n        :param data: Тело запроса. По умолчанию пустое, чтобы пропускало no-content запросы\n        :param expected_status: Ожидаемый статус код\n        :param need_logging: Флаг для логирования. По умолчанию = True\n        :param need_verify_status: Флаг для проверки статус кода в ответе. По умолчанию = True\n        :return: Возвращает объект ответа\n        \"\"\"\n        if endpoint == \"/authenticationTest.html?csrf\":\n            url = f\"{self.base_url}{endpoint}\"\n            response = self.session.request(method=method, url=url, json=data)\n        else:\n            kwargs = {\"json\": data}\n            response: Response = CoverageListener(\n                method=method,\n                base_url=self.base_url,\n                raw_path=endpoint,\n                uri_params={},\n                session=self.session,\n                **kwargs\n            ).response\n            if need_logging:\n                self.log_request_and_response(response, expected_status, need_verify_status)\n            if need_verify_status:\n                if response.status_code != expected_status:\n>                   raise ValueError(f\"Unexpected status code: {response.status_code}, expected: {expected_status}\")\nE                   ValueError: Unexpected status code: 403, expected: 200\n\ncustom_requester/custom_requester.py:47: ValueError","steps":[{"name":"Подготовка данных для создания проекта и билд конфигурации","time":{"start":1712576164638,"stop":1712576164638,"duration":0},"status":"passed","steps":[],"attachments":[],"parameters":[],"shouldDisplayMessage":false,"stepsCount":0,"attachmentsCount":0,"hasContent":false,"attachmentStep":false},{"name":"Отправка запроса на создание проекта","time":{"start":1712576164638,"stop":1712576164679,"duration":41},"status":"broken","statusMessage":"ValueError: Unexpected status code: 403, expected: 200\n","statusTrace":"  File \"/home/runner/work/TeamCity_Test/TeamCity_Test/tests/backend/test_create_build_conf.py\", line 122, in test_create_build_conf_with_empty_attributes\n    created_project_response = super_admin.api_manager.project_api.create_project(\n  File \"/home/runner/work/TeamCity_Test/TeamCity_Test/api/project_api.py\", line 9, in create_project\n    return self.send_request(\"POST\", \"/app/rest/projects\", data=project_data,\n  File \"/home/runner/work/TeamCity_Test/TeamCity_Test/custom_requester/custom_requester.py\", line 47, in send_request\n    raise ValueError(f\"Unexpected status code: {response.status_code}, expected: {expected_status}\")\n","steps":[],"attachments":[],"parameters":[],"shouldDisplayMessage":true,"stepsCount":0,"attachmentsCount":0,"hasContent":true,"attachmentStep":false}],"attachments":[{"uid":"48402874a85b90e8","name":"log","source":"48402874a85b90e8.txt","type":"text/plain","size":2562}],"parameters":[],"shouldDisplayMessage":true,"stepsCount":2,"attachmentsCount":1,"hasContent":true,"attachmentStep":false},"afterStages":[{"name":"build_conf_data::0","time":{"start":1712576164757,"stop":1712576164757,"duration":0},"status":"passed","steps":[],"attachments":[],"parameters":[],"shouldDisplayMessage":false,"stepsCount":0,"attachmentsCount":0,"hasContent":false,"attachmentStep":false},{"name":"project_data::0","time":{"start":1712576164757,"stop":1712576164903,"duration":146},"status":"broken","statusMessage":"ValueError: Проект с id DJZUwZ7S2kE не был создан\n","statusTrace":"  File \"/home/runner/.local/lib/python3.10/site-packages/allure_commons/_allure.py\", line 221, in __call__\n    return self._fixture_function(*args, **kwargs)\n  File \"/home/runner/.local/lib/python3.10/site-packages/_pytest/fixtures.py\", line 932, in _teardown_yield_fixture\n    next(it)\n  File \"/home/runner/work/TeamCity_Test/TeamCity_Test/conftest.py\", line 120, in project_data\n    super_admin.api_manager.project_api.clean_up_project(project_id)\n  File \"/home/runner/work/TeamCity_Test/TeamCity_Test/api/project_api.py\", line 30, in clean_up_project\n    raise ValueError(f\"Проект с id {created_project_id} не был создан\")\n","steps":[],"attachments":[],"parameters":[],"shouldDisplayMessage":true,"stepsCount":0,"attachmentsCount":0,"hasContent":true,"attachmentStep":false},{"name":"user_session::0","time":{"start":1712576164903,"stop":1712576164909,"duration":6},"status":"passed","steps":[],"attachments":[],"parameters":[],"shouldDisplayMessage":false,"stepsCount":0,"attachmentsCount":0,"hasContent":false,"attachmentStep":false},{"name":"setup_swagger_coverage::0","time":{"start":1712576165344,"stop":1712576174486,"duration":9142},"status":"passed","steps":[],"attachments":[],"parameters":[],"shouldDisplayMessage":false,"stepsCount":0,"attachmentsCount":0,"hasContent":false,"attachmentStep":false}],"labels":[{"name":"suite","value":"Управление билд конфигурациями"},{"name":"subSuite","value":"Негативные сценарии"},{"name":"parentSuite","value":"API тесты"},{"name":"severity","value":"normal"},{"name":"tag","value":"api"},{"name":"tag","value":"build_conf"},{"name":"host","value":"fv-az1543-340"},{"name":"thread","value":"7876-MainThread"},{"name":"framework","value":"pytest"},{"name":"language","value":"cpython3"},{"name":"package","value":"tests.backend.test_create_build_conf"},{"name":"resultFormat","value":"allure2"}],"parameters":[{"name":"attribute","value":"'name'"},{"name":"status_code","value":"<HTTPStatus.BAD_REQUEST: 400>"},{"name":"text_error","value":"'BadRequestException: When creating a build type, non empty name should be provided.'"},{"name":"value","value":"''"}],"links":[],"hidden":false,"retry":false,"extra":{"severity":"normal","retries":[],"categories":[{"name":"Test defects","matchedStatuses":[],"flaky":false}],"history":{"statistic":{"failed":0,"broken":3,"skipped":0,"passed":10,"unknown":0,"total":13},"items":[{"uid":"2d6659543894f996","reportUrl":"https://QAKonstantin.github.io/TeamCity_Test/226//#testresult/2d6659543894f996","status":"broken","statusDetails":"ValueError: Session.request() got an unexpected keyword argument 'session'","time":{"start":1712575679052,"stop":1712575679052,"duration":0}},{"uid":"5d30b49eb31a5b1c","reportUrl":"https://QAKonstantin.github.io/TeamCity_Test/221//#testresult/5d30b49eb31a5b1c","status":"broken","statusDetails":"ValueError: Session.request() got an unexpected keyword argument 'session'","time":{"start":1712574353170,"stop":1712574353170,"duration":0}},{"uid":"bd21dc6bd31098a0","reportUrl":"https://QAKonstantin.github.io/TeamCity_Test/216//#testresult/bd21dc6bd31098a0","status":"passed","time":{"start":1712408229787,"stop":1712408230048,"duration":261}},{"uid":"fe4eb965e899e57a","reportUrl":"https://QAKonstantin.github.io/TeamCity_Test/215//#testresult/fe4eb965e899e57a","status":"passed","time":{"start":1712160918627,"stop":1712160919555,"duration":928}},{"uid":"256155828b242fa5","reportUrl":"https://QAKonstantin.github.io/TeamCity_Test/214//#testresult/256155828b242fa5","status":"passed","time":{"start":1712160281008,"stop":1712160281955,"duration":947}},{"uid":"25fe9acd2c38ec9c","reportUrl":"https://QAKonstantin.github.io/TeamCity_Test/213//#testresult/25fe9acd2c38ec9c","status":"passed","time":{"start":1712158392585,"stop":1712158393588,"duration":1003}},{"uid":"28ea63de6876b6f1","reportUrl":"https://QAKonstantin.github.io/TeamCity_Test/212//#testresult/28ea63de6876b6f1","status":"passed","time":{"start":1712158077393,"stop":1712158078342,"duration":949}},{"uid":"b377bdee52a111bd","reportUrl":"https://QAKonstantin.github.io/TeamCity_Test/211//#testresult/b377bdee52a111bd","status":"passed","time":{"start":1712157571167,"stop":1712157572047,"duration":880}},{"uid":"83a1e47ad3fdebd4","reportUrl":"https://QAKonstantin.github.io/TeamCity_Test/210//#testresult/83a1e47ad3fdebd4","status":"passed","time":{"start":1711983587118,"stop":1711983588083,"duration":965}},{"uid":"56a548d6fa5c78bc","reportUrl":"https://QAKonstantin.github.io/TeamCity_Test/208//#testresult/56a548d6fa5c78bc","status":"passed","time":{"start":1711982399646,"stop":1711982400955,"duration":1309}},{"uid":"c8b7f744db7d2af7","reportUrl":"https://QAKonstantin.github.io/TeamCity_Test/207//#testresult/c8b7f744db7d2af7","status":"passed","time":{"start":1711981738670,"stop":1711981740325,"duration":1655}},{"uid":"d806f67808cc75b","reportUrl":"https://QAKonstantin.github.io/TeamCity_Test/206//#testresult/d806f67808cc75b","status":"passed","time":{"start":1711981074528,"stop":1711981075389,"duration":861}}]},"tags":["api","build_conf"]},"source":"77e05b3fed30ae8.json","parameterValues":["'name'","<HTTPStatus.BAD_REQUEST: 400>","'BadRequestException: When creating a build type, non empty name should be provided.'","''"]}